


ARM Macro Assembler    Page 1 


    1 00000000                 GLOBAL           main
    2 00000000                 AREA             mycode, CODE, READONLY
    3 00000000                 IMPORT           Mymain
    4 00000000         
    5 00000000 00000023 
                       Constant
                               EQU              0x23        ; define constant w
                                                            ith the value of 0x
                                                            23
    6 00000000 00000023        DCD              Constant    ; save the constant
                                                             to the memory
    7 00000004 20000000 
                       P1      EQU              0x20000000  ; define address p1
                                                             with value of 0x20
                                                            000000
    8 00000004         
    9 00000004                 ENTRY
   10 00000004         
   11 00000004 F04F 5000 
                       main    MOV              R0, #P1     ; move the value of
                                                             P1 to R0
   12 00000008 F04F 0123       MOV              R1, #Constant ; move the value 
                                                            of Constant to R1
   13 0000000C 6001            STR              R1, [R0]    ; store value of R1
                                                             into the memory lo
                                                            cation in R0
   14 0000000E         
   15 0000000E E7FE    Stayhere
                               B                Stayhere
   16 00000010         
   17 00000010                 END
Command Line: --debug --xref --diag_suppress=9931 --cpu=Cortex-M4 --apcs=interw
ork --depend=.\objects\assignment01-1.d -o.\objects\assignment01-1.o -I.\RTE\_T
arget_1 -IC:\Users\Jing\AppData\Local\Arm\Packs\ARM\CMSIS\5.5.1\CMSIS\Core\Incl
ude -IC:\Users\Jing\AppData\Local\Arm\Packs\ARM\CMSIS\5.5.1\Device\ARM\ARMCM4\I
nclude --predefine="__EVAL SETA 1" --predefine="__UVISION_VERSION SETA 528" --p
redefine="_RTE_ SETA 1" --predefine="ARMCM4 SETA 1" --list=.\listings\assignmen
t01-1.lst assignment01-1.s



ARM Macro Assembler    Page 1 Alphabetic symbol ordering
Relocatable symbols

Stayhere 0000000E

Symbol: Stayhere
   Definitions
      At line 15 in file assignment01-1.s
   Uses
      At line 15 in file assignment01-1.s
Comment: Stayhere used once
main 00000004

Symbol: main
   Definitions
      At line 11 in file assignment01-1.s
   Uses
      At line 1 in file assignment01-1.s
Comment: main used once
mycode 00000000

Symbol: mycode
   Definitions
      At line 2 in file assignment01-1.s
   Uses
      None
Comment: mycode unused
3 symbols



ARM Macro Assembler    Page 1 Alphabetic symbol ordering
Absolute symbols

Constant 00000023

Symbol: Constant
   Definitions
      At line 5 in file assignment01-1.s
   Uses
      At line 6 in file assignment01-1.s
      At line 12 in file assignment01-1.s

P1 20000000

Symbol: P1
   Definitions
      At line 7 in file assignment01-1.s
   Uses
      At line 11 in file assignment01-1.s
Comment: P1 used once
2 symbols



ARM Macro Assembler    Page 1 Alphabetic symbol ordering
External symbols

Mymain 00000000

Symbol: Mymain
   Definitions
      At line 3 in file assignment01-1.s
   Uses
      None
Comment: Mymain unused
1 symbol
340 symbols in table
