


ARM Macro Assembler    Page 1 


    1 00000000         ;/******************************************************
                       ********************//**
    2 00000000         ; * @file     startup_ARMCM4.s
    3 00000000         ; * @brief    CMSIS Core Device Startup File for
    4 00000000         ; *           ARMCM4 Device
    5 00000000         ; * @version  V5.4.0
    6 00000000         ; * @date     12. December 2018
    7 00000000         ; ******************************************************
                       ************************/
    8 00000000         ;/*
    9 00000000         ; * Copyright (c) 2009-2018 Arm Limited. All rights rese
                       rved.
   10 00000000         ; *
   11 00000000         ; * SPDX-License-Identifier: Apache-2.0
   12 00000000         ; *
   13 00000000         ; * Licensed under the Apache License, Version 2.0 (the 
                       License); you may
   14 00000000         ; * not use this file except in compliance with the Lice
                       nse.
   15 00000000         ; * You may obtain a copy of the License at
   16 00000000         ; *
   17 00000000         ; * www.apache.org/licenses/LICENSE-2.0
   18 00000000         ; *
   19 00000000         ; * Unless required by applicable law or agreed to in wr
                       iting, software
   20 00000000         ; * distributed under the License is distributed on an A
                       S IS BASIS, WITHOUT
   21 00000000         ; * WARRANTIES OR CONDITIONS OF ANY KIND, either express
                        or implied.
   22 00000000         ; * See the License for the specific language governing 
                       permissions and
   23 00000000         ; * limitations under the License.
   24 00000000         ; */
   25 00000000         
   26 00000000         ;//-------- <<< Use Configuration Wizard in Context Menu
                        >>> ------------------
   27 00000000         
   28 00000000         
   29 00000000         ;<h> Stack Configuration
   30 00000000         ;  <o> Stack Size (in Bytes) <0x0-0xFFFFFFFF:8>
   31 00000000         ;</h>
   32 00000000         
   33 00000000 00000400 
                       Stack_Size
                               EQU              0x00000400
   34 00000000         
   35 00000000                 AREA             STACK, NOINIT, READWRITE, ALIGN
=3
   36 00000000         __stack_limit
   37 00000000         Stack_Mem
                               SPACE            Stack_Size
   38 00000400         __initial_sp
   39 00000400         
   40 00000400         
   41 00000400         ;<h> Heap Configuration
   42 00000400         ;  <o> Heap Size (in Bytes) <0x0-0xFFFFFFFF:8>
   43 00000400         ;</h>
   44 00000400         
   45 00000400 00000C00 



ARM Macro Assembler    Page 2 


                       Heap_Size
                               EQU              0x00000C00
   46 00000400         
   47 00000400                 IF               Heap_Size != 0 
                                                            ; Heap is provided
   48 00000400                 AREA             HEAP, NOINIT, READWRITE, ALIGN=
3
   49 00000000         __heap_base
   50 00000000         Heap_Mem
                               SPACE            Heap_Size
   51 00000C00         __heap_limit
   52 00000C00                 ENDIF
   53 00000C00         
   54 00000C00         
   55 00000C00                 PRESERVE8
   56 00000C00                 THUMB
   57 00000C00         
   58 00000C00         
   59 00000C00         ; Vector Table Mapped to Address 0 at Reset
   60 00000C00         
   61 00000C00                 AREA             RESET, DATA, READONLY
   62 00000000                 EXPORT           __Vectors
   63 00000000                 EXPORT           __Vectors_End
   64 00000000                 EXPORT           __Vectors_Size
   65 00000000         
   66 00000000 00000000 
                       __Vectors
                               DCD              __initial_sp ;     Top of Stack
                                                            
   67 00000004 00000000        DCD              Reset_Handler 
                                                            ;     Reset Handler
                                                            
   68 00000008 00000000        DCD              NMI_Handler ; -14 NMI Handler
   69 0000000C 00000000        DCD              HardFault_Handler ; -13 Hard Fa
                                                            ult Handler
   70 00000010 00000000        DCD              MemManage_Handler ; -12 MPU Fau
                                                            lt Handler
   71 00000014 00000000        DCD              BusFault_Handler ; -11 Bus Faul
                                                            t Handler
   72 00000018 00000000        DCD              UsageFault_Handler ; -10 Usage 
                                                            Fault Handler
   73 0000001C 00000000        DCD              0           ;     Reserved
   74 00000020 00000000        DCD              0           ;     Reserved
   75 00000024 00000000        DCD              0           ;     Reserved
   76 00000028 00000000        DCD              0           ;     Reserved
   77 0000002C 00000000        DCD              SVC_Handler ;  -5 SVCall Handle
                                                            r
   78 00000030 00000000        DCD              DebugMon_Handler ;  -4 Debug Mo
                                                            nitor Handler
   79 00000034 00000000        DCD              0           ;     Reserved
   80 00000038 00000000        DCD              PendSV_Handler ;  -2 PendSV Han
                                                            dler
   81 0000003C 00000000        DCD              SysTick_Handler ;  -1 SysTick H
                                                            andler
   82 00000040         
   83 00000040         ; Interrupts
   84 00000040 00000000        DCD              Interrupt0_Handler 
                                                            ;   0 Interrupt 0
   85 00000044 00000000        DCD              Interrupt1_Handler 



ARM Macro Assembler    Page 3 


                                                            ;   1 Interrupt 1
   86 00000048 00000000        DCD              Interrupt2_Handler 
                                                            ;   2 Interrupt 2
   87 0000004C 00000000        DCD              Interrupt3_Handler 
                                                            ;   3 Interrupt 3
   88 00000050 00000000        DCD              Interrupt4_Handler 
                                                            ;   4 Interrupt 4
   89 00000054 00000000        DCD              Interrupt5_Handler 
                                                            ;   5 Interrupt 5
   90 00000058 00000000        DCD              Interrupt6_Handler 
                                                            ;   6 Interrupt 6
   91 0000005C 00000000        DCD              Interrupt7_Handler 
                                                            ;   7 Interrupt 7
   92 00000060 00000000        DCD              Interrupt8_Handler 
                                                            ;   8 Interrupt 8
   93 00000064 00000000        DCD              Interrupt9_Handler 
                                                            ;   9 Interrupt 9
   94 00000068         
   95 00000068 00 00 00 
              00 00 00 
              00 00 00 
              00 00 00 
              00 00 00 
              00 00 00 
              00 00 00 
              00 00 00 
              00 00 00 
              00 00 00 
              00 00 00 
              00 00 00 
              00 00 00 
              00 00 00 
              00 00 00 
              00 00 00 
              00 00 00 
              00 00 00 
              00 00 00 
              00 00 00 
              00 00 00 
              00 00 00 
              00 00 00 
              00 00 00 
              00 00 00 
              00 00 00 
              00 00 00 
              00 00 00 
              00 00 00 
              00 00 00 
              00 00 00 
              00 00 00 
              00 00 00 
              00 00 00 
              00 00 00 
              00 00 00 
              00 00 00 
              00 00 00 
              00 00 00 
              00 00 00 
              00 00 00 



ARM Macro Assembler    Page 4 


              00 00 00 
              00 00 00 
              00 00 00 
              00 00 00 
              00 00 00 
              00 00 00 
              00 00 00 
              00 00 00 
              00 00 00 
              00 00 00 
              00 00 00 
              00 00 00 
              00 00 00 
              00 00 00 
              00 00 00 
              00 00 00 
              00 00 00 
              00 00 00 
              00 00 00 
              00 00 00 
              00 00 00 
              00 00 00 
              00 00 00 
              00 00 00 
              00 00 00 
              00 00 00 
              00 00 00 
              00 00 00 
              00 00 00 
              00 00 00 
              00 00 00 
              00 00 00 
              00 00 00 
              00 00 00 
              00 00 00 
              00 00 00 
              00 00 00 
              00 00 00 
              00 00 00 
              00 00 00 
              00 00 00 
              00 00 00 
              00 00 00 
              00 00 00 
              00 00 00 
              00 00 00 
              00 00 00 
              00 00 00 
              00 00 00 
              00 00 00 
              00 00 00 
              00 00 00 
              00 00 00 
              00 00 00 
              00 00 00 
              00 00 00 
              00 00 00 
              00 00 00 
              00 00 00 



ARM Macro Assembler    Page 5 


              00 00 00 
              00 00 00 
              00 00 00 
              00 00 00 
              00 00 00 
              00 00 00 
              00 00 00 
              00 00 00 
              00 00 00 
              00 00 00 
              00 00 00 
              00 00 00 
              00 00 00 
              00 00 00 
              00 00 00 
              00 00 00 
              00 00 00 
              00 00 00 
              00 00 00 
              00 00 00 
              00 00 00 
              00 00 00 
              00 00 00 
              00 00 00 
              00 00 00 
              00 00 00 
              00 00 00 
              00 00 00 
              00 00 00 
              00 00 00 
              00 00 00 
              00 00 00 
              00 00 00 
              00 00 00 
              00 00 00 
              00 00 00 
              00 00 00 
              00 00 00 
              00 00 00 
              00 00 00 
              00 00 00 
              00 00 00 
              00 00 00 
              00 00 00 
              00 00 00 
              00 00 00 
              00 00 00 
              00 00 00 
              00 00 00 
              00 00 00 
              00 00 00 
              00 00 00 
              00 00 00 
              00 00 00 
              00 00 00 
              00 00 00 
              00 00 00 
              00 00 00 
              00 00 00 



ARM Macro Assembler    Page 6 


              00 00 00 
              00 00 00 
              00 00 00 
              00 00 00 
              00 00 00 
              00 00 00 
              00 00 00 
              00 00 00 
              00 00 00 
              00 00 00 
              00 00 00 
              00 00 00 
              00 00 00 
              00 00 00 
              00 00 00 
              00 00 00 
              00 00 00 
              00 00 00 
              00 00 00 
              00 00 00 
              00 00 00 
              00 00 00 
              00 00 00 
              00 00 00 
              00 00 00 
              00 00 00 
              00 00 00 
              00 00 00 
              00 00 00 
              00 00 00 
              00 00 00 
              00 00 00 
              00 00 00 
              00 00 00 
              00 00 00 
              00 00 00 
              00 00 00 
              00 00 00 
              00 00 00 
              00 00 00 
              00 00 00 
              00 00 00 
              00 00 00 
              00 00 00 
              00 00 00 
              00 00 00 
              00 00 00 
              00 00 00 
              00 00 00 
              00 00 00 
              00 00 00 
              00 00 00 
              00 00 00 
              00 00 00 
              00 00 00 
              00 00 00 
              00 00 00 
              00 00 00 
              00 00 00 



ARM Macro Assembler    Page 7 


              00 00 00 
              00 00 00 
              00 00 00 
              00 00 00 
              00 00 00 
              00 00 00 
              00 00 00 
              00 00 00 
              00 00 00 
              00 00 00 
              00 00 00 
              00 00 00 
              00 00 00 
              00 00 00 
              00 00 00 
              00 00 00 
              00 00 00 
              00 00 00 
              00 00 00 
              00 00 00 
              00 00 00 
              00 00 00 
              00 00 00 
              00 00 00 
              00 00 00 
              00 00 00 
              00 00 00 
              00 00 00 
              00 00 00 
              00 00 00 
              00 00 00 
              00 00 00 
              00 00 00 
              00 00 00 
              00 00 00 
              00 00 00 
              00 00 00 
              00 00 00 
              00 00 00 
              00 00 00 
              00 00 00 
              00 00 00 
              00 00 00 
              00 00 00 
              00 00 00 
              00 00 00 
              00 00 00 
              00 00 00 
              00 00 00 
              00 00 00 
              00 00 00 
              00 00 00 
              00 00 00 
              00 00 00 
              00 00 00 
              00 00 00 
              00 00 00 
              00 00 00 
              00 00 00 



ARM Macro Assembler    Page 8 


              00 00 00 
              00 00 00 
              00 00 00 
              00 00 00 
              00 00 00 
              00 00 00 
              00 00 00 
              00 00 00 
              00               SPACE            (214 * 4)   ; Interrupts 10 .. 
                                                            224 are left out
   96 000003C0         __Vectors_End
   97 000003C0 000003C0 
                       __Vectors_Size
                               EQU              __Vectors_End - __Vectors
   98 000003C0         
   99 000003C0         
  100 000003C0                 AREA             |.text|, CODE, READONLY
  101 00000000         
  102 00000000                 EXPORT           Mymain
  103 00000000         
  104 00000000         ; Reset Handler
  105 00000000         
  106 00000000         Reset_Handler
                               PROC
  107 00000000                 EXPORT           Reset_Handler             [WEAK
]
  108 00000000         ;IMPORT   SystemInit
  109 00000000         ;IMPORT   __main
  110 00000000         
  111 00000000         ;LDR      R0, =SystemInit
  112 00000000         ;BLX      R0
  113 00000000 480A            LDR              R0, =Mymain
  114 00000002 4700            BX               R0
  115 00000004                 ENDP
  116 00000004         
  117 00000004         
  118 00000004         ; Macro to define default exception/interrupt handlers.
  119 00000004         ; Default handler are weak symbols with an endless loop.
                       
  120 00000004         ; They can be overwritten by real handlers.
  121 00000004                 MACRO
  122 00000004                 Set_Default_Handler
                                                $Handler_Name
  123 00000004         $Handler_Name
                               PROC
  124 00000004                 EXPORT           $Handler_Name             [WEAK
]
  125 00000004                 B                .
  126 00000004                 ENDP
  127 00000004                 MEND
  128 00000004         
  129 00000004         
  130 00000004         ; Default exception/interrupt handler
  131 00000004         
  132 00000004                 Set_Default_Handler
                                                NMI_Handler
  123 00000004         NMI_Handler
                               PROC
  124 00000004                 EXPORT           NMI_Handler             [WEAK]



ARM Macro Assembler    Page 9 


  125 00000004 E7FE            B                .
  126 00000006                 ENDP
  133 00000006                 Set_Default_Handler
                                                HardFault_Handler
  123 00000006         HardFault_Handler
                               PROC
  124 00000006                 EXPORT           HardFault_Handler             [
WEAK]
  125 00000006 E7FE            B                .
  126 00000008                 ENDP
  134 00000008                 Set_Default_Handler
                                                MemManage_Handler
  123 00000008         MemManage_Handler
                               PROC
  124 00000008                 EXPORT           MemManage_Handler             [
WEAK]
  125 00000008 E7FE            B                .
  126 0000000A                 ENDP
  135 0000000A                 Set_Default_Handler
                                                BusFault_Handler
  123 0000000A         BusFault_Handler
                               PROC
  124 0000000A                 EXPORT           BusFault_Handler             [W
EAK]
  125 0000000A E7FE            B                .
  126 0000000C                 ENDP
  136 0000000C                 Set_Default_Handler
                                                UsageFault_Handler
  123 0000000C         UsageFault_Handler
                               PROC
  124 0000000C                 EXPORT           UsageFault_Handler             
[WEAK]
  125 0000000C E7FE            B                .
  126 0000000E                 ENDP
  137 0000000E                 Set_Default_Handler
                                                SVC_Handler
  123 0000000E         SVC_Handler
                               PROC
  124 0000000E                 EXPORT           SVC_Handler             [WEAK]
  125 0000000E E7FE            B                .
  126 00000010                 ENDP
  138 00000010                 Set_Default_Handler
                                                DebugMon_Handler
  123 00000010         DebugMon_Handler
                               PROC
  124 00000010                 EXPORT           DebugMon_Handler             [W
EAK]
  125 00000010 E7FE            B                .
  126 00000012                 ENDP
  139 00000012                 Set_Default_Handler
                                                PendSV_Handler
  123 00000012         PendSV_Handler
                               PROC
  124 00000012                 EXPORT           PendSV_Handler             [WEA
K]
  125 00000012 E7FE            B                .
  126 00000014                 ENDP
  140 00000014                 Set_Default_Handler
                                                SysTick_Handler



ARM Macro Assembler    Page 10 


  123 00000014         SysTick_Handler
                               PROC
  124 00000014                 EXPORT           SysTick_Handler             [WE
AK]
  125 00000014 E7FE            B                .
  126 00000016                 ENDP
  141 00000016         
  142 00000016                 Set_Default_Handler
                                                Interrupt0_Handler
  123 00000016         Interrupt0_Handler
                               PROC
  124 00000016                 EXPORT           Interrupt0_Handler             
[WEAK]
  125 00000016 E7FE            B                .
  126 00000018                 ENDP
  143 00000018                 Set_Default_Handler
                                                Interrupt1_Handler
  123 00000018         Interrupt1_Handler
                               PROC
  124 00000018                 EXPORT           Interrupt1_Handler             
[WEAK]
  125 00000018 E7FE            B                .
  126 0000001A                 ENDP
  144 0000001A                 Set_Default_Handler
                                                Interrupt2_Handler
  123 0000001A         Interrupt2_Handler
                               PROC
  124 0000001A                 EXPORT           Interrupt2_Handler             
[WEAK]
  125 0000001A E7FE            B                .
  126 0000001C                 ENDP
  145 0000001C                 Set_Default_Handler
                                                Interrupt3_Handler
  123 0000001C         Interrupt3_Handler
                               PROC
  124 0000001C                 EXPORT           Interrupt3_Handler             
[WEAK]
  125 0000001C E7FE            B                .
  126 0000001E                 ENDP
  146 0000001E                 Set_Default_Handler
                                                Interrupt4_Handler
  123 0000001E         Interrupt4_Handler
                               PROC
  124 0000001E                 EXPORT           Interrupt4_Handler             
[WEAK]
  125 0000001E E7FE            B                .
  126 00000020                 ENDP
  147 00000020                 Set_Default_Handler
                                                Interrupt5_Handler
  123 00000020         Interrupt5_Handler
                               PROC
  124 00000020                 EXPORT           Interrupt5_Handler             
[WEAK]
  125 00000020 E7FE            B                .
  126 00000022                 ENDP
  148 00000022                 Set_Default_Handler
                                                Interrupt6_Handler
  123 00000022         Interrupt6_Handler
                               PROC



ARM Macro Assembler    Page 11 


  124 00000022                 EXPORT           Interrupt6_Handler             
[WEAK]
  125 00000022 E7FE            B                .
  126 00000024                 ENDP
  149 00000024                 Set_Default_Handler
                                                Interrupt7_Handler
  123 00000024         Interrupt7_Handler
                               PROC
  124 00000024                 EXPORT           Interrupt7_Handler             
[WEAK]
  125 00000024 E7FE            B                .
  126 00000026                 ENDP
  150 00000026                 Set_Default_Handler
                                                Interrupt8_Handler
  123 00000026         Interrupt8_Handler
                               PROC
  124 00000026                 EXPORT           Interrupt8_Handler             
[WEAK]
  125 00000026 E7FE            B                .
  126 00000028                 ENDP
  151 00000028                 Set_Default_Handler
                                                Interrupt9_Handler
  123 00000028         Interrupt9_Handler
                               PROC
  124 00000028                 EXPORT           Interrupt9_Handler             
[WEAK]
  125 00000028 E7FE            B                .
  126 0000002A                 ENDP
  152 0000002A         
  153 0000002A 00 00           ALIGN
  154 0000002C         
  155 0000002C         
  156 0000002C         ; User setup Stack & Heap
  157 0000002C         
  158 0000002C                 IF               :LNOT::DEF:__MICROLIB
  159 0000002C                 IMPORT           __use_two_region_memory
  160 0000002C                 ENDIF
  161 0000002C         
  162 0000002C                 EXPORT           __stack_limit
  163 0000002C                 EXPORT           __initial_sp
  164 0000002C                 IF               Heap_Size != 0 
                                                            ; Heap is provided
  165 0000002C                 EXPORT           __heap_base
  166 0000002C                 EXPORT           __heap_limit
  167 0000002C                 ENDIF
  168 0000002C         
  169 0000002C                 END
              00000000 
Command Line: --debug --xref --diag_suppress=9931 --cpu=Cortex-M4 --apcs=interw
ork --depend=.\objects\startup_armcm4.d -o.\objects\startup_armcm4.o -I.\RTE\_T
arget_1 -IC:\Users\Jing\AppData\Local\Arm\Packs\ARM\CMSIS\5.5.1\CMSIS\Core\Incl
ude -IC:\Users\Jing\AppData\Local\Arm\Packs\ARM\CMSIS\5.5.1\Device\ARM\ARMCM4\I
nclude --predefine="__EVAL SETA 1" --predefine="__UVISION_VERSION SETA 528" --p
redefine="_RTE_ SETA 1" --predefine="ARMCM4 SETA 1" --list=.\listings\startup_a
rmcm4.lst RTE\Device\ARMCM4\startup_ARMCM4.s
